{"/Users/hezekiah/dev/resources/INTERVIEW-CODE-CHALLENGES/Localize/chat/server/controllers/messageController.ts": {"path":"/Users/hezekiah/dev/resources/INTERVIEW-CODE-CHALLENGES/Localize/chat/server/controllers/messageController.ts","statementMap":{"0":{"start":{"line":2,"column":0},"end":{"line":2,"column":34}},"1":{"start":{"line":5,"column":27},"end":{"line":13,"column":2}},"2":{"start":{"line":5,"column":65},"end":{"line":13,"column":2}},"3":{"start":{"line":6,"column":2},"end":{"line":12,"column":3}},"4":{"start":{"line":7,"column":21},"end":{"line":7,"column":68}},"5":{"start":{"line":8,"column":4},"end":{"line":8,"column":35}},"6":{"start":{"line":10,"column":4},"end":{"line":10,"column":23}},"7":{"start":{"line":11,"column":4},"end":{"line":11,"column":67}},"8":{"start":{"line":5,"column":13},"end":{"line":5,"column":27}},"9":{"start":{"line":16,"column":29},"end":{"line":31,"column":2}},"10":{"start":{"line":16,"column":67},"end":{"line":31,"column":2}},"11":{"start":{"line":17,"column":40},"end":{"line":17,"column":48}},"12":{"start":{"line":18,"column":2},"end":{"line":30,"column":3}},"13":{"start":{"line":19,"column":23},"end":{"line":23,"column":6}},"14":{"start":{"line":25,"column":4},"end":{"line":25,"column":28}},"15":{"start":{"line":26,"column":4},"end":{"line":26,"column":37}},"16":{"start":{"line":28,"column":4},"end":{"line":28,"column":23}},"17":{"start":{"line":29,"column":4},"end":{"line":29,"column":64}},"18":{"start":{"line":16,"column":13},"end":{"line":16,"column":29}},"19":{"start":{"line":34,"column":29},"end":{"line":54,"column":2}},"20":{"start":{"line":34,"column":67},"end":{"line":54,"column":2}},"21":{"start":{"line":35,"column":17},"end":{"line":35,"column":27}},"22":{"start":{"line":36,"column":40},"end":{"line":36,"column":48}},"23":{"start":{"line":38,"column":2},"end":{"line":53,"column":3}},"24":{"start":{"line":39,"column":27},"end":{"line":42,"column":null}},"25":{"start":{"line":45,"column":4},"end":{"line":47,"column":5}},"26":{"start":{"line":46,"column":6},"end":{"line":46,"column":68}},"27":{"start":{"line":49,"column":4},"end":{"line":49,"column":41}},"28":{"start":{"line":51,"column":4},"end":{"line":51,"column":23}},"29":{"start":{"line":52,"column":4},"end":{"line":52,"column":64}},"30":{"start":{"line":34,"column":13},"end":{"line":34,"column":29}},"31":{"start":{"line":57,"column":29},"end":{"line":72,"column":2}},"32":{"start":{"line":57,"column":67},"end":{"line":72,"column":2}},"33":{"start":{"line":58,"column":17},"end":{"line":58,"column":27}},"34":{"start":{"line":60,"column":2},"end":{"line":71,"column":3}},"35":{"start":{"line":61,"column":27},"end":{"line":61,"column":59}},"36":{"start":{"line":63,"column":4},"end":{"line":65,"column":5}},"37":{"start":{"line":64,"column":6},"end":{"line":64,"column":68}},"38":{"start":{"line":67,"column":4},"end":{"line":67,"column":70}},"39":{"start":{"line":69,"column":4},"end":{"line":69,"column":23}},"40":{"start":{"line":70,"column":4},"end":{"line":70,"column":64}},"41":{"start":{"line":57,"column":13},"end":{"line":57,"column":29}}},"fnMap":{"0":{"name":"(anonymous_8)","decl":{"start":{"line":5,"column":27},"end":{"line":5,"column":34}},"loc":{"start":{"line":5,"column":65},"end":{"line":13,"column":2}}},"1":{"name":"(anonymous_9)","decl":{"start":{"line":5,"column":65},"end":{"line":5,"column":null}},"loc":{"start":{"line":5,"column":65},"end":{"line":13,"column":1}}},"2":{"name":"(anonymous_10)","decl":{"start":{"line":16,"column":29},"end":{"line":16,"column":36}},"loc":{"start":{"line":16,"column":67},"end":{"line":31,"column":2}}},"3":{"name":"(anonymous_11)","decl":{"start":{"line":16,"column":67},"end":{"line":16,"column":null}},"loc":{"start":{"line":16,"column":67},"end":{"line":31,"column":1}}},"4":{"name":"(anonymous_12)","decl":{"start":{"line":34,"column":29},"end":{"line":34,"column":36}},"loc":{"start":{"line":34,"column":67},"end":{"line":54,"column":2}}},"5":{"name":"(anonymous_13)","decl":{"start":{"line":34,"column":67},"end":{"line":34,"column":null}},"loc":{"start":{"line":34,"column":67},"end":{"line":54,"column":1}}},"6":{"name":"(anonymous_14)","decl":{"start":{"line":57,"column":29},"end":{"line":57,"column":36}},"loc":{"start":{"line":57,"column":67},"end":{"line":72,"column":2}}},"7":{"name":"(anonymous_15)","decl":{"start":{"line":57,"column":67},"end":{"line":57,"column":null}},"loc":{"start":{"line":57,"column":67},"end":{"line":72,"column":1}}}},"branchMap":{"0":{"loc":{"start":{"line":45,"column":4},"end":{"line":47,"column":5}},"type":"if","locations":[{"start":{"line":45,"column":4},"end":{"line":47,"column":5}}]},"1":{"loc":{"start":{"line":63,"column":4},"end":{"line":65,"column":5}},"type":"if","locations":[{"start":{"line":63,"column":4},"end":{"line":65,"column":5}}]}},"s":{"0":1,"1":1,"2":0,"3":0,"4":0,"5":0,"6":0,"7":0,"8":1,"9":1,"10":0,"11":0,"12":0,"13":0,"14":0,"15":0,"16":0,"17":0,"18":1,"19":1,"20":0,"21":0,"22":0,"23":0,"24":0,"25":0,"26":0,"27":0,"28":0,"29":0,"30":1,"31":1,"32":0,"33":0,"34":0,"35":0,"36":0,"37":0,"38":0,"39":0,"40":0,"41":1},"f":{"0":0,"1":0,"2":0,"3":0,"4":0,"5":0,"6":0,"7":0},"b":{"0":[0],"1":[0]}}
,"/Users/hezekiah/dev/resources/INTERVIEW-CODE-CHALLENGES/Localize/chat/server/models/Chat.ts": {"path":"/Users/hezekiah/dev/resources/INTERVIEW-CODE-CHALLENGES/Localize/chat/server/models/Chat.ts","statementMap":{"0":{"start":{"line":1,"column":0},"end":{"line":1,"column":54}},"1":{"start":{"line":12,"column":36},"end":{"line":17,"column":4}},"2":{"start":{"line":20,"column":15},"end":{"line":20,"column":59}},"3":{"start":{"line":22,"column":2},"end":{"line":22,"column":22}}},"fnMap":{},"branchMap":{},"s":{"0":1,"1":1,"2":1,"3":1},"f":{},"b":{}}
}
